                                ;*** AILZ80ASM *** Z-80 Assembler, version 1.0.0.0, LST:Full:4
                                ;   Tablacus DISK ROM for MSX
                                ;   Programmed by
                                ;   Gaku (Lovers/Tablacus)
                                ;
                                ;
                                ;   ■アセンブル時にドライブAのFDDのサイズを指定する(Bドライブも使用する場合)
                                ;   2DDの場合
                                ;   FIX_DRIVE   EQU 720/8+2
                                ;
                                
                                    INCLUDE "MSXDEF.ASM"
                                
                                ;   LSX-Dodgers DEF
                                ;   MSX
                                
       4000                     RUN EQU 04000H
                                
       000C                     _RDSLT  EQU 0000CH
       0014                     _WRSLT  EQU 00014H
       001C                     _CALSLT EQU 0001CH
       0024                     _ENASLT EQU 00024H
       0030                     _CALLF  EQU 00030H
                                
       009F                     CHGET   EQU 0009FH
       00A2                     CHPUT   EQU 000A2H
       0138                     RSLREG  EQU 00138H
                                
       F348                     MASTERS EQU 0F348H
       F38C                     CLPRIM  EQU 0F38CH
       FB03                     RSTMP   EQU 0FB03H
       FB21                     DRVTBL  EQU 0FB21H
       FCC1                     EXPTBL  EQU 0FCC1H
                                
                                            ;ASCII-8K
       6000                     BANK0_SEL EQU   06000H  ;6000-67FF
       6800                     BANK1_SEL EQU   06800H  ;6800-6FFF
       7000                     BANK2_SEL EQU   07000H  ;7000-77FF
       7800                     BANK3_SEL EQU   07800H  ;7800-7FFF
                                            ;ASCII-16K
                                ;BANK0_SEL EQU 06000H
                                ;BANK1_SEL EQU 07000H
                                            ;KONAMI-8K
       6000                     KONAMI_BANK1_SEL EQU    06000H  ;6000-7FFF
       8000                     KONAMI_BANK2_SEL EQU    08000H  ;8000-9FFF
       A000                     KONAMI_BANK3_SEL EQU    0A000H  ;A000-BFFF
                                
       FB03                     ISC EQU RSTMP
       0002                     DISK_BANK   EQU 2       ;ドライブAが始まるバンク#
       6000                     BANK1_ADR   EQU 06000H  ;バンク1の開始アドレス
[EOF:MSXDEF.ASM:UTF_8]
                                
000000 4000                         ORG RUN
                                
                                ; MSX ROM header
000000 4000 4142                    DB  "AB"   ; ID for auto-executable ROM
000002 4002 0041                    DW  INIT_ROM   ; Main program execution address.
000004 4004 0000                    DW  0      ; STATEMENT
000006 4006 0000                    DW  0      ; DEVICE
000008 4008 0000                    DW  0      ; TEXT
00000A 400A 000000000000            DW  0,0,0  ; Reserved
                                
000010 4010 C3F441          10      JP  DISKIO
000013 4013 C32042          10      JP  DSKCHG
000016 4016 C37642          10      JP  GETDPB
000019 4019 C35E43          10      JP  CHOICE
00001C 401C C36243          10      JP  DSKFMT
00001F 401F C36443          10      JP  DSKSTP
                                ;   JP  BASENT
                                ;   SCF
                                ;   JP  DSKFMT
                                ;   JP  DSKSTP
                                ;   NOP
                                ;   JP  GETSLT
                                ;   LD  HL,(0F34BH)
                                ;   RET
                                
00007F 407F                         ORG 0407FH
00007F 407F C9              10      RET
                                ; Version
000080 4080 5461626C61637573        DB  "Tablacus DISK ROM v0.2.1.0",0
            204449534B20524F    
            4D2076302E322E31    
            2E3000              
                                
0000FF 40FF                         ORG 040FFH
0000FF 40FF C9              10      RET
                                
                                    INCLUDE "MSXINIT.ASM"
                                
                                ;   Tablacus DISK ROM - INIT
                                ;
                                
       4100                     INIT_ROM:
000100 4100 3A90F3          13      LD  A,(CLPRIM+4)    ;一時的にインタースロットコールをフックしてる？
000103 4103 FE03             7      CP  low ISC
000105 4105 C8              11      RET Z
                                
000106 4106 217641          10      LD  HL,AT_ISC
000109 4109 1103FB          10      LD  DE,ISC
00010C 410C 011B00          10      LD  BC,ISC_E-ISC
00010F 410F EDB0                    LDIR
                                
000111 4111 CD5A41          17      CALL    GTSL1_
000114 4114 321CFB          13      LD  (ROM_SLT),A
                                
000117 4117 AF               4      XOR A
000118 4118 320068          13      LD  (BANK1_SEL),A
00011B 411B 3A0060          13      LD  A,(BANK1_ADR)
00011E 411E FE41             7      CP  'A'
000120 4120 2027            12      JR  NZ,NOT_8K_BANK
000122 4122 3E02             7      LD  A,DISK_BANK
000124 4124 320068          13      LD  (BANK1_SEL),A
                                
000127 4127 2A1360          16      LD  HL,(BANK1_ADR+19)   ;BPB_TotSec16   
00012A 412A 010F00          10      LD  BC,0000FH       ;切り上げ
00012D 412D 09              11      ADD HL,BC
00012E 412E 7D               4      LD  A,L
                                
00012F 412F 0604             7      LD  B,4
       4131                     B_DRIVE1:
000131 4131 CB3C             8      SRL H
000133 4133 1F               4      RRA
000134 4134 10FB            13      DJNZ    B_DRIVE1
                                
000136 4136 C602             7      ADD A,DISK_BANK     ;A=(TotSec16/16)+DISK_BANK
000138 4138 321DFB          13      LD  (B_DRIVE),A
                                
                                #if exists FIX_DRIVE
                                    LD  A,(B_DRIVE)
                                    CP  FIX_DRIVE
                                    JR  Z,OK_FIX_DRIVE
                                    LD  HL,MSG_ERROR_DRIVE
                                    CALL    MSX
                                    LD  A,(B_DRIVE)
                                    CALL    PRTHX
                                    LD  IY,(EXPTBL) ;メインROMスロット
                                    LD  IX,CHGET
                                    CALL    _CALSLT
                                    LD  HL,MSG_CRLF
                                    CALL    MSX
                                OK_FIX_DRIVE:
                                #endif
00013B 413B 2103FB          10      LD  HL,ISC
00013E 413E 2290F3          16      LD  (CLPRIM+4),HL   ;一時的にインタースロットコールをフックする
000141 4141 DD214841        14      LD  IX,INIT1
000145 4145 C303FB          10      JP  ISC
       4148                     INIT1:
000148 4148 C9              10      RET
       4149                     NOT_8K_BANK:
                                                ;ASCII-8K/Konami-8Kではない(ASCII-16K等)
000149 4149 21C441          10      LD  HL,MSG_ERROR_ROM_MODE
00014C 414C CD9441          17      CALL    MSX
00014F 414F FD2AC1FC        20      LD  IY,(EXPTBL) ;メインROMスロット
000153 4153 DD219F00        14      LD  IX,CHGET
000157 4157 C31C00          10      JP  _CALSLT
                                
       415A                     GTSL1_:             ;自分のいるスロットを知る
00015A 415A CD3801          17      CALL    RSLREG      ;read primary slot #
00015D 415D 0F               4      RRCA
00015E 415E 0F               4      RRCA
00015F 415F E603             7      AND 3       ;[A]=000000PP
000161 4161 5F               4      LD  E,A     ;[E]=000000PP
000162 4162 21C1FC          10      LD  HL,EXPTBL
000165 4165 85               4      ADD A,L     ;桁上りは無い
000166 4166 6F               4      LD  L,A     ;[HL]=EXPTBL+000000PP
000167 4167 7B               4      LD  A,E     ;[A]=000000PP
000168 4168 CB7E            13      BIT 7,(HL)
00016A 416A C8              11      RET Z
00016B 416B 7D               4      LD  A,L     ;point to SLTTBL entry
00016C 416C C604             7      ADD A,4     ;桁上りは無い
00016E 416E 6F               4      LD  L,A
00016F 416F 7E               7      LD  A,(HL)      ;get currently expansion slot register
000170 4170 E60C             7      AND 00CH        ;[A] = 0000SS00
000172 4172 B3               4      OR  E       ;[A] = 0000SSPP
000173 4173 F680             7      OR  080H        ;[A] = 1000SSPP
000175 4175 C9              10      RET
                                
       4176                     AT_ISC:
000176 FB03                         ORG ISC,AT_ISC-RUN
000176 FB03 F5              11      PUSH    AF
000177 FB04 E5              11      PUSH    HL
000178 FB05 2122FB          10      LD  HL,DRVTBL+1
00017B FB08 7E               7      LD  A,(HL)
00017C FB09 B7               4      OR  A       ;DRVTBLのスロットが使われるまで待つ
00017D FB0A 280A            12      JR  Z,ISC_DEF
00017F FB0C 3A1CFB          13      LD  A,(ROM_SLT) ;DRVTBLのスロットをTablacus DISK ROMに置き換える
000182 FB0F 77               7      LD  (HL),A
000183 FB10 2198F3          10      LD  HL,CLPRIM+12    ;インタースロットコールのフックを元に戻す
000186 FB13 2290F3          16      LD  (CLPRIM+4),HL
       FB16                     ISC_DEF:
000189 FB16 E1              10      POP HL
00018A FB17 F1              10      POP AF
00018B FB18 DDE9             8      JP  (IX)
                                
00018D FB1A                         DS  2
       FB1C                     ROM_SLT:
00018F FB1C 00                      DB  0
       FB1D                     B_DRIVE:
000190 FB1D 00                      DB  0
       FB1E                     ISC_E:
000191 4191                         ORG $$+RUN          ;$DEPHASE
                                
       4191                     MSX1:
000191 4191 CDA641          17      CALL    MSGA1
       4194                     MSX:
000194 4194 7E               7      LD  A,(HL)
000195 4195 23               6      INC HL
000196 4196 B7               4      OR  A
000197 4197 20F8            12      JR  NZ,MSX1
000199 4199 C9              10      RET
                                
       419A                     PRTHX:
00019A 419A F5              11      PUSH    AF
00019B 419B 07               4      RLCA
00019C 419C 07               4      RLCA
00019D 419D 07               4      RLCA
00019E 419E 07               4      RLCA
00019F 419F CDA341          17      CALL    PRTA2
0001A2 41A2 F1              10      POP AF
       41A3                     PRTA2:
0001A3 41A3 CDBA41          17      CALL    ASC
       41A6                     MSGA1:
0001A6 41A6 F5              11      PUSH    AF
0001A7 41A7 C5              11      PUSH    BC
0001A8 41A8 D5              11      PUSH    DE
0001A9 41A9 E5              11      PUSH    HL
0001AA 41AA FD2AC1FC        20      LD  IY,(EXPTBL) ;メインROMスロット
0001AE 41AE DD21A200        14      LD  IX,CHPUT
0001B2 41B2 CD1C00          17      CALL    _CALSLT
0001B5 41B5 E1              10      POP HL
0001B6 41B6 D1              10      POP DE
0001B7 41B7 C1              10      POP BC
       41B8                     MSGA2:
0001B8 41B8 F1              10      POP AF
0001B9 41B9 C9              10      RET
       41BA                     ASC:
0001BA 41BA E60F             7      AND $0F
0001BC 41BC F630             7      OR  $30
0001BE 41BE FE3A             7      CP  $3A
0001C0 41C0 D8              11      RET C
0001C1 41C1 C607             7      ADD A,7
0001C3 41C3 C9              10      RET
                                    
       41C4                     MSG_ERROR_ROM_MODE:
0001C4 41C4 41534349492D384B        DB  "ASCII-8K/Konami-8K only!",13,10,0
            2F4B6F6E616D692D    
            384B206F6E6C7921    
            0D0A00              
       41DF                     MSG_ERROR_DRIVE:
0001DF 41DF 496C6C6567616C20        DB  "Illegal DRIVE:",0
            44524956453A00      
       41EE                     MSG_CRLF:
0001EE 41EE 0D0A00                  DB  13,10,0
[EOF:MSXINIT.ASM:UTF_8]
                                    INCLUDE "MSXDISK.ASM"
                                
                                ;   Tablacus DISK ROM - DISK
                                
                                ;   ROM DISK DRIVER
                                ;   1セクタ512
                                
       41F1                     ERROR_WRITE_PROTECTED:
0001F1 41F1 3E00             7      LD  A,0     ;Write protected
0001F3 41F3 C9              10      RET
       41F4                     DISKIO:
0001F4 41F4 38FB            12      JR  C,ERROR_WRITE_PROTECTED
0001F6 41F6 48               4      LD  C,B
0001F7 41F7 CD6943          17      CALL    GET_DISK_BANK
       41FA                     SETMAP1:        
0001FA 41FA E5              11      PUSH    HL
       41FB                     DISKIO1:
0001FB 41FB C5              11      PUSH    BC      ;B=残りのセクタ数
0001FC 41FC D5              11      PUSH    DE      ;DE=セクタ番号
0001FD 41FD F5              11      PUSH    AF      ;A=8KB単位でカートリッジ内のディスクが存在する位置を指定
                                
0001FE 41FE EB               4      EX  DE,HL       ;DE=受け取る読み出し先のメモリアドレス HL=セクタ番号
0001FF 41FF 29              11      ADD HL,HL
000200 4200 4D               4      LD  C,L     ;C=読み出し元(セクタ番号*2)※1セクタ512バイトなので倍にしておく
000201 4201 29              11      ADD HL,HL       ;64KB→32KB
000202 4202 29              11      ADD HL,HL       ;32KB→16KB
000203 4203 29              11      ADD HL,HL       ;16KB→8KB
000204 4204 84               4      ADD A,H
000205 4205 320068          13      LD  (BANK1_SEL),A   ;ASCII-8K/Konami-8K共通で使える
000208 4208 79               4      LD  A,C     ;C=読み出し元
000209 4209 E61F             7      AND 01FH        ;セグメントのサイズでフィルタする(8K:1F/16K:3F)
00020B 420B C660             7      ADD A,high BANK1_ADR
00020D 420D 67               4      LD  H,A
00020E 420E 010002          10      LD  BC,00200H   ;BCは読み出すセクタサイズ(512バイト)
000211 4211 69               4      LD  L,C     ;C=0
000212 4212 EDB0                    LDIR
000214 4214 EB               4      EX  DE,HL
000215 4215 F1              10      POP AF
000216 4216 D1              10      POP DE
000217 4217 13               6      INC DE
000218 4218 C1              10      POP BC
000219 4219 10E0            13      DJNZ    DISKIO1
00021B 421B 41               4      LD  B,C
                                
00021C 421C E1              10      POP HL
00021D 421D AF               4      XOR A
00021E 421E FB               4      EI
00021F 421F C9              10      RET
                                
       4220                     DSKCHG:
000220 4220 CD5942          17      CALL    IS_BPB
000223 4223 3824            12      JR  C,NOTREADY
000225 4225 3A23FB          13      LD  A,(DRVTBL+2)
000228 4228 B7               4      OR  A
000229 4229 201A            12      JR  NZ,DSKCHG1
00022B 422B 3A21FB          13      LD  A,(DRVTBL)
00022E 422E FE02             7      CP  2
000230 4230 2013            12      JR  NZ,DSKCHG1
000232 4232 CD5942          17      CALL    IS_BPB
000235 4235 300E            12      JR  NC,DSKCHG1
000237 4237 3E01             7      LD  A,1         ;ドライブテーブルを拡張 A:Tablacus DISK ROM B:MASTER SLOT ROM
000239 4239 3221FB          13      LD  (DRVTBL),A
00023C 423C 3223FB          13      LD  (DRVTBL+2),A
00023F 423F 3A48F3          13      LD  A,(MASTERS)
000242 4242 3224FB          13      LD  (DRVTBL+3),A
       4245                     DSKCHG1:
000245 4245 AF               4      XOR A
000246 4246 0601             7      LD  B,1
000248 4248 C9              10      RET
       4249                     NOTREADY:
000249 4249 3E02             7      LD  A,2
00024B 424B 37               4      SCF
00024C 424C C9              10      RET
                                
       424D                     NO_BPB:
00024D 424D E1              10      POP HL
00024E 424E 23               6      INC HL
00024F 424F 117143          10      LD  DE,DPB2DD
000252 4252 011200          10      LD  BC,DPB2DD_E-DPB2DD
000255 4255 EDB0                    LDIR
000257 4257 AF               4      XOR A
000258 4258 C9              10      RET
                                
       4259                     IS_BPB:
                                ; in
                                ; A=DRIVE 0:A 1:B
                                ; out
                                ; CF=0ディスクは存在する CF=1 ディスクは存在しない
000259 4259 CD6943          17      CALL    GET_DISK_BANK
00025C 425C 320068          13      LD  (BANK1_SEL),A
                                
00025F 425F 3A1560          13      LD  A,(BANK1_ADR+21)    ;BPB_Media
000262 4262 FE01             7      CP  1
000264 4264 D8              11      RET C
                                
000265 4265 3A0B60          13      LD  A,(BANK1_ADR+11)    ;BPB_BytsPerSec
000268 4268 C6FF             7      ADD A,0FFH
00026A 426A D8              11      RET C
                                
00026B 426B 3A0C60          13      LD  A,(BANK1_ADR+12)    ;BPB_BytsPerSec
00026E 426E FE02             7      CP  2
000270 4270 C8              11      RET Z
000271 4271 FE04             7      CP  4
000273 4273 C8              11      RET Z
000274 4274 37               4      SCF
000275 4275 C9              10      RET
                                
       4276                     GETDPB:
000276 4276 E5              11      PUSH    HL
000277 4277 CD6943          17      CALL    GET_DISK_BANK
00027A 427A 320068          13      LD  (BANK1_SEL),A
                                
00027D 427D 3A1560          13      LD  A,(BANK1_ADR+21)    ;BPB_Media  
000280 4280 B7               4      OR  A
000281 4281 28CA            12      JR  Z,NO_BPB
000283 4283 DDE1            14      POP IX
000285 4285 DD7701          19      LD  (IX+1),A        ;MEDIA
                                
000288 4288 3A0B60          13      LD  A,(BANK1_ADR+11)    ;BPB_BytsPerSec 
00028B 428B DD7702          19      LD  (IX+2),A        ;SECSIZ LOW
                                
00028E 428E 3A0C60          13      LD  A,(BANK1_ADR+12)    ;BPB_BytsPerSec 
000291 4291 DD7703          19      LD  (IX+3),A        ;SECSIZ HIGH
                                
000294 4294 87               4      ADD A,A
000295 4295 87               4      ADD A,A
000296 4296 87               4      ADD A,A
000297 4297 3D               4      DEC A
000298 4298 DD7704          19      LD  (IX+4),A        ;DIRMSK
                                
00029B 429B 06FF             7      LD  B,-1
00029D 429D A7               4      AND A           ;無限ループ阻止
       429E                     GETDPB1:
00029E 429E 04               4      INC B
00029F 429F 1F               4      RRA
0002A0 42A0 38FC            12      JR  C,GETDPB1
0002A2 42A2 DD7005          19      LD  (IX+5),B        ;DIRSHFT
                                
0002A5 42A5 3A0D60          13      LD  A,(BANK1_ADR+13)    ;BPB_SecPerClus 
0002A8 42A8 3D               4      DEC A
0002A9 42A9 DD7706          19      LD  (IX+6),A        ;CLUSMSK
                                
0002AC 42AC A7               4      AND A           ;無限ループ阻止
0002AD 42AD 06FF             7      LD  B,-1
       42AF                     GETDPB2:
0002AF 42AF 04               4      INC B
0002B0 42B0 1F               4      RRA
0002B1 42B1 38FC            12      JR  C,GETDPB2
0002B3 42B3 04               4      INC B
0002B4 42B4 DD7007          19      LD  (IX+7),B        ;CLUSSHFT
                                
0002B7 42B7 2A0E60          16      LD  HL,(BANK1_ADR+14)   ;BPB_RsvdSecCnt 
0002BA 42BA DD7508          19      LD  (IX+8),L        ;FIRFAT LOW
0002BD 42BD DD7409          19      LD  (IX+9),H        ;FIRFAT HIGH
                                
0002C0 42C0 3A1060          13      LD  A,(BANK1_ADR+16)    ;BPB_NumFATs    
0002C3 42C3 DD770A          19      LD  (IX+10),A       ;FATCNT
                                
0002C6 42C6 3A1160          13      LD  A,(BANK1_ADR+17)    ;BPB_RootEntCnt 
0002C9 42C9 DD770B          19      LD  (IX+11),A       ;FATCNT
                                
0002CC 42CC ED5B1660        20      LD  DE,(BANK1_ADR+22)   ;BPB_FATSz16    
0002D0 42D0 DD7310          19      LD  (IX+16),E       ;FATSIZ
                                
0002D3 42D3 DD460A          19      LD  B,(IX+10)       ;FATCNT
0002D6 42D6 210000          10      LD  HL,0
       42D9                     GETDPB3:
0002D9 42D9 19              11      ADD HL,DE
0002DA 42DA 10FD            13      DJNZ    GETDPB3
       42DC                     GETDPB4:
0002DC 42DC DD5E08          19      LD  E,(IX+8)        ;FIRFAT
0002DF 42DF DD5609          19      LD  D,(IX+9)        ;FIRFAT
0002E2 42E2 19              11      ADD HL,DE
0002E3 42E3 DD7511          19      LD  (IX+17),L       ;FIRDIR
0002E6 42E6 DD7412          19      LD  (IX+18),H       ;FIRDIR
                                
0002E9 42E9 3E08             7      LD  A,2*4           ;SECSIZ HIGH
0002EB 42EB DD5E0B          19      LD  E,(IX+11)       ;MAXENT
       42EE                     GETDPB5:
0002EE 42EE CB3B             8      SRL E
0002F0 42F0 1F               4      RRA
0002F1 42F1 30FB            12      JR  NC,GETDPB5
0002F3 42F3 1600             7      LD  D,0
0002F5 42F5 19              11      ADD HL,DE
0002F6 42F6 DD750C          19      LD  (IX+12),L       ;FIRREC
0002F9 42F9 DD740D          19      LD  (IX+13),H       ;FIRREC
                                
0002FC 42FC 2A1360          16      LD  HL,(BANK1_ADR+19)   ;BPB_TotSec16   
                                
0002FF 42FF DD5E0C          19      LD  E,(IX+12)       ;FIRREC
000302 4302 DD560D          19      LD  D,(IX+13)       ;FIRREC
000305 4305 A7               4      AND A
000306 4306 ED52            15      SBC HL,DE
                                
000308 4308 DD7E06          19      LD  A,(IX+6)        ;CLUSMSK
00030B 430B 3C               4      INC A
00030C 430C 37               4      SCF             ;無限ループ阻止
       430D                     GETDPB6:
00030D 430D 1F               4      RRA
00030E 430E 3806            12      JR  C,GETDPB7
000310 4310 CB3C             8      SRL H
000312 4312 CB1D             8      RR  L
000314 4314 18F7            12      JR  GETDPB6
       4316                     GETDPB7:
000316 4316 23               6      INC HL
000317 4317 DD750E          19      LD  (IX+14),L       ;MAXCLUS
00031A 431A DD740F          19      LD  (IX+15),H       ;MAXCLUS
                                
                                    ;1セクタが512バイト以上の場合を考慮(2HD/1セクタ1024バイト/1.23MB等)
       431D                     GETDPBD1:
00031D 431D DD7E03          19      LD  A,(IX+3)        ;SECSIZ HIGH
000320 4320 E6FC             7      AND 0FCH
000322 4322 C8              11      RET Z
                                
000323 4323 DDCB033E        23      SRL (IX+3)          ;SECSIZ HIGH
                                
000327 4327 37               4      SCF
000328 4328 DDCB0616        23      RL  (IX+6)          ;CLUSMSK
                                
00032C 432C DD3407          23      INC (IX+7)          ;CLUSSHFT
                                
00032F 432F DDCB0826        23      SLA (IX+8)          ;FIRFAT LOW
000333 4333 DDCB0916        23      RL  (IX+9)          ;FIRFAT HIGH
                                
000337 4337 DDCB1026        23      SLA (IX+16)         ;FATSIZ
                                
00033B 433B DDCB1126        23      SLA (IX+17)         ;FIRDIR
00033F 433F DDCB1216        23      RL  (IX+18)         ;FIRDIR
                                
000343 4343 DD6E11          19      LD  L,(IX+17)       ;FIRDIR
000346 4346 DD6612          19      LD  H,(IX+18)       ;FIRDIR
                                
000349 4349 3E08             7      LD  A,2*4           ;SECSIZ HIGH
00034B 434B DD5E0B          19      LD  E,(IX+11)       ;MAXENT
       434E                     GETDPBD5:
00034E 434E CB3B             8      SRL E
000350 4350 1F               4      RRA
000351 4351 30FB            12      JR  NC,GETDPBD5
000353 4353 1600             7      LD  D,0
000355 4355 19              11      ADD HL,DE
000356 4356 DD750C          19      LD  (IX+12),L       ;FIRREC
000359 4359 DD740D          19      LD  (IX+13),H       ;FIRREC
                                
00035C 435C 18BF            12      JR  GETDPBD1
                                
       435E                     CHOICE:
00035E 435E 210000          10      LD  HL,0
000361 4361 C9              10      RET
                                
       4362                     DSKFMT:
000362 4362 AF               4      XOR A
000363 4363 37               4      SCF
       4364                     DSKSTP:
       4364                     BASENT:
000364 4364 C9              10      RET
                                
       4365                     GETSLT:
000365 4365 3A22FB          13      LD  A,(DRVTBL+1)
000368 4368 C9              10      RET
                                
       4369                     GET_DISK_BANK:
000369 4369 B7               4      OR  A       ;A=DRIVE
00036A 436A 3E02             7      LD  A,DISK_BANK
00036C 436C C8              11      RET Z
                                #if exists FIX_DRIVE
                                    LD  A,FIX_DRIVE
                                #else
00036D 436D 3A1DFB          13      LD  A,(B_DRIVE)
                                #endif
000370 4370 C9              10      RET
                                
       4371                     DPB2DD:
000371 4371 F9                      DB  0F9H    ;MEDIA
000372 4372 0002                    DW  00200H  ;SECSIZ
000374 4374 0F                      DB  00FH    ;DIRMSK
000375 4375 04                      DB  004H    ;DIRSHFT
000376 4376 01                      DB  001H    ;CLUSMSK
000377 4377 02                      DB  002H    ;CLUSSHFT
000378 4378 0100                    DW  00001H  ;FIRFAT
00037A 437A 02                      DB  002H    ;FATCNT
00037B 437B 70                      DB  070H    ;MAXENT
00037C 437C 0E00                    DW  0000EH  ;FIRREC
00037E 437E CA02                    DW  002CAH  ;MAXCLUS
000380 4380 03                      DB  003H    ;FATSIZ
000381 4381 0700                    DW  0007H   ;FIRDIR
       4383                     DPB2DD_E:
[EOF:MSXDISK.ASM:UTF_8]
                                
000383 4383                         DS  07FFFH-$
003FFF 7FFF 00                      DB  0
       8000                     LAST_ADR:
                                
                                    END
[EOF:DISKROM.ASM:UTF_8]
